app/build/outputs/logs/manifest-merger-debug-report.txt
-- Merging decision tree log ---
provider#android.support.v4.content.FileProvider
INJECTED from src/main/AndroidManifest.xml:31:9-39:20
	android:grantUriPermissions
		ADDED from src/main/AndroidManifest.xml:35:13-47
	android:authorities
		INJECTED from src/main/AndroidManifest.xml
		ADDED from src/main/AndroidManifest.xml:33:13-64
	android:exported
		ADDED from src/main/AndroidManifest.xml:34:13-37
	android:name
		ADDED from src/main/AndroidManifest.xml:32:13-67
manifest
ADDED from src/main/AndroidManifest.xml:2:1-43:12
INJECTED from src/main/AndroidManifest.xml:2:1-43:12
INJECTED from src/main/AndroidManifest.xml:2:1-43:12
INJECTED from src/main/AndroidManifest.xml:2:1-43:12
MERGED from [com.android.support.constraint:constraint-layout:1.1.3] AndroidManifest.xml:2:1-11:12
MERGED from [com.android.support:design:27.1.1] AndroidManifest.xml:17:1-22:12
MERGED from [com.android.support:multidex:1.0.3] AndroidManifest.xml:17:1-22:12
MERGED from [com.tencent.bugly:crashreport_upgrade:1.3.6] AndroidManifest.xml:2:1-46:12
MERGED from [com.tencent.tinker:tinker-android-lib:1.9.9] AndroidManifest.xml:2:1-39:12
MERGED from [com.tencent.bugly:nativecrashreport:2.2.0] AndroidManifest.xml:2:1-11:12
MERGED from [com.android.support:support-v4:27.1.1] AndroidManifest.xml:17:1-22:12
MERGED from [com.android.support:appcompat-v7:27.1.1] AndroidManifest.xml:17:1-22:12
MERGED from [com.android.support:recyclerview-v7:27.1.1] AndroidManifest.xml:17:1-22:12
MERGED from [com.android.support:transition:27.1.1] AndroidManifest.xml:17:1-22:12
MERGED from [com.tencent.tinker:tinker-android-loader:1.9.9] AndroidManifest.xml:2:1-161:12
MERGED from [com.android.support:support-media-compat:27.1.1] AndroidManifest.xml:17:1-22:12
MERGED from [com.android.support:support-fragment:27.1.1] AndroidManifest.xml:17:1-22:12
MERGED from [com.android.support:animated-vector-drawable:27.1.1] AndroidManifest.xml:17:1-22:12
MERGED from [com.android.support:support-core-ui:27.1.1] AndroidManifest.xml:17:1-22:12
MERGED from [com.android.support:support-core-utils:27.1.1] AndroidManifest.xml:17:1-22:12
MERGED from [com.android.support:support-vector-drawable:27.1.1] AndroidManifest.xml:17:1-22:12
MERGED from [com.android.support:support-compat:27.1.1] AndroidManifest.xml:17:1-22:12
MERGED from [android.arch.lifecycle:runtime:1.1.0] AndroidManifest.xml:17:1-22:12
MERGED from [android.arch.lifecycle:livedata-core:1.1.0] AndroidManifest.xml:17:1-22:12
MERGED from [android.arch.lifecycle:viewmodel:1.1.0] AndroidManifest.xml:17:1-22:12
MERGED from [android.arch.core:runtime:1.1.0] AndroidManifest.xml:17:1-22:12
INJECTED from src/main/AndroidManifest.xml:2:1-43:12
INJECTED from src/main/AndroidManifest.xml:2:1-43:12
INJECTED from src/main/AndroidManifest.xml:2:1-43:12
	package
		ADDED from src/main/AndroidManifest.xml:4:5-36
		INJECTED from src/main/AndroidManifest.xml
		INJECTED from src/main/AndroidManifest.xml
	android:versionName
		INJECTED from src/main/AndroidManifest.xml
		ADDED from src/main/AndroidManifest.xml:2:1-43:12
		INJECTED from src/main/AndroidManifest.xml
	xmlns:tools
		ADDED from src/main/AndroidManifest.xml:3:5-51
	android:versionCode
		INJECTED from src/main/AndroidManifest.xml
		ADDED from src/main/AndroidManifest.xml:2:1-43:12
		INJECTED from src/main/AndroidManifest.xml
	xmlns:android
		ADDED from src/main/AndroidManifest.xml:2:11-69
uses-permission#android.permission.READ_PHONE_STATE
ADDED from src/main/AndroidManifest.xml:5:5-75
MERGED from [com.tencent.bugly:crashreport_upgrade:1.3.6] AndroidManifest.xml:11:5-75
MERGED from [com.tencent.bugly:crashreport_upgrade:1.3.6] AndroidManifest.xml:11:5-75
	android:name
		ADDED from src/main/AndroidManifest.xml:5:22-72
uses-permission#android.permission.INTERNET
ADDED from src/main/AndroidManifest.xml:6:5-67
MERGED from [com.tencent.bugly:crashreport_upgrade:1.3.6] AndroidManifest.xml:12:5-67
MERGED from [com.tencent.bugly:crashreport_upgrade:1.3.6] AndroidManifest.xml:12:5-67
	android:name
		ADDED from src/main/AndroidManifest.xml:6:22-64
uses-permission#android.permission.ACCESS_NETWORK_STATE
ADDED from src/main/AndroidManifest.xml:7:5-79
MERGED from [com.tencent.bugly:crashreport_upgrade:1.3.6] AndroidManifest.xml:13:5-79
MERGED from [com.tencent.bugly:crashreport_upgrade:1.3.6] AndroidManifest.xml:13:5-79
	android:name
		ADDED from src/main/AndroidManifest.xml:7:22-76
uses-permission#android.permission.ACCESS_WIFI_STATE
ADDED from src/main/AndroidManifest.xml:8:5-76
MERGED from [com.tencent.bugly:crashreport_upgrade:1.3.6] AndroidManifest.xml:14:5-76
MERGED from [com.tencent.bugly:crashreport_upgrade:1.3.6] AndroidManifest.xml:14:5-76
	android:name
		ADDED from src/main/AndroidManifest.xml:8:22-73
uses-permission#android.permission.READ_LOGS
ADDED from src/main/AndroidManifest.xml:9:5-68
MERGED from [com.tencent.bugly:crashreport_upgrade:1.3.6] AndroidManifest.xml:15:5-68
MERGED from [com.tencent.bugly:crashreport_upgrade:1.3.6] AndroidManifest.xml:15:5-68
	android:name
		ADDED from src/main/AndroidManifest.xml:9:22-65
uses-permission#android.permission.WRITE_EXTERNAL_STORAGE
ADDED from src/main/AndroidManifest.xml:10:5-81
MERGED from [com.tencent.bugly:crashreport_upgrade:1.3.6] AndroidManifest.xml:16:5-81
MERGED from [com.tencent.bugly:crashreport_upgrade:1.3.6] AndroidManifest.xml:16:5-81
	android:name
		ADDED from src/main/AndroidManifest.xml:10:22-78
application
ADDED from src/main/AndroidManifest.xml:11:5-41:19
MERGED from [com.android.support.constraint:constraint-layout:1.1.3] AndroidManifest.xml:9:5-20
MERGED from [com.android.support.constraint:constraint-layout:1.1.3] AndroidManifest.xml:9:5-20
MERGED from [com.tencent.bugly:crashreport_upgrade:1.3.6] AndroidManifest.xml:20:5-44:19
MERGED from [com.tencent.bugly:crashreport_upgrade:1.3.6] AndroidManifest.xml:20:5-44:19
MERGED from [com.tencent.tinker:tinker-android-lib:1.9.9] AndroidManifest.xml:9:5-37:19
MERGED from [com.tencent.tinker:tinker-android-lib:1.9.9] AndroidManifest.xml:9:5-37:19
MERGED from [com.tencent.tinker:tinker-android-loader:1.9.9] AndroidManifest.xml:9:5-159:19
MERGED from [com.tencent.tinker:tinker-android-loader:1.9.9] AndroidManifest.xml:9:5-159:19
	android:supportsRtl
		ADDED from src/main/AndroidManifest.xml:17:9-35
	android:label
		ADDED from src/main/AndroidManifest.xml:15:9-41
	tools:ignore
		ADDED from src/main/AndroidManifest.xml:19:9-48
	android:roundIcon
		ADDED from src/main/AndroidManifest.xml:16:9-54
	android:icon
		ADDED from src/main/AndroidManifest.xml:14:9-43
	android:allowBackup
		ADDED from src/main/AndroidManifest.xml:13:9-35
	android:theme
		ADDED from src/main/AndroidManifest.xml:18:9-40
	android:name
		ADDED from src/main/AndroidManifest.xml:12:9-40
activity#com.example.testbugly.MainActivity
ADDED from src/main/AndroidManifest.xml:20:9-26:20
	android:name
		ADDED from src/main/AndroidManifest.xml:20:19-47
intent-filter#action:name:android.intent.action.MAIN+category:name:android.intent.category.LAUNCHER
ADDED from src/main/AndroidManifest.xml:21:13-25:29
action#android.intent.action.MAIN
ADDED from src/main/AndroidManifest.xml:22:17-69
	android:name
		ADDED from src/main/AndroidManifest.xml:22:25-66
category#android.intent.category.LAUNCHER
ADDED from src/main/AndroidManifest.xml:24:17-77
	android:name
		ADDED from src/main/AndroidManifest.xml:24:27-74
activity#com.tencent.bugly.beta.ui.BetaActivity
ADDED from src/main/AndroidManifest.xml:27:9-30:64
MERGED from [com.tencent.bugly:crashreport_upgrade:1.3.6] AndroidManifest.xml:23:9-27:56
MERGED from [com.tencent.bugly:crashreport_upgrade:1.3.6] AndroidManifest.xml:23:9-27:56
	android:configChanges
		ADDED from src/main/AndroidManifest.xml:29:13-81
	android:theme
		ADDED from src/main/AndroidManifest.xml:30:13-61
	tools:replace
		ADDED from [com.tencent.bugly:crashreport_upgrade:1.3.6] AndroidManifest.xml:27:13-53
	android:name
		ADDED from src/main/AndroidManifest.xml:28:13-66
uses-sdk
INJECTED from src/main/AndroidManifest.xml reason: use-sdk injection requested
INJECTED from src/main/AndroidManifest.xml
INJECTED from src/main/AndroidManifest.xml
MERGED from [com.android.support.constraint:constraint-layout:1.1.3] AndroidManifest.xml:5:5-7:41
MERGED from [com.android.support.constraint:constraint-layout:1.1.3] AndroidManifest.xml:5:5-7:41
MERGED from [com.android.support:design:27.1.1] AndroidManifest.xml:20:5-44
MERGED from [com.android.support:design:27.1.1] AndroidManifest.xml:20:5-44
MERGED from [com.android.support:multidex:1.0.3] AndroidManifest.xml:20:5-43
MERGED from [com.android.support:multidex:1.0.3] AndroidManifest.xml:20:5-43
MERGED from [com.tencent.bugly:crashreport_upgrade:1.3.6] AndroidManifest.xml:6:5-8:41
MERGED from [com.tencent.bugly:crashreport_upgrade:1.3.6] AndroidManifest.xml:6:5-8:41
MERGED from [com.tencent.tinker:tinker-android-lib:1.9.9] AndroidManifest.xml:5:5-7:41
MERGED from [com.tencent.tinker:tinker-android-lib:1.9.9] AndroidManifest.xml:5:5-7:41
MERGED from [com.tencent.bugly:nativecrashreport:2.2.0] AndroidManifest.xml:7:5-9:41
MERGED from [com.tencent.bugly:nativecrashreport:2.2.0] AndroidManifest.xml:7:5-9:41
MERGED from [com.android.support:support-v4:27.1.1] AndroidManifest.xml:20:5-44
MERGED from [com.android.support:support-v4:27.1.1] AndroidManifest.xml:20:5-44
MERGED from [com.android.support:appcompat-v7:27.1.1] AndroidManifest.xml:20:5-44
MERGED from [com.android.support:appcompat-v7:27.1.1] AndroidManifest.xml:20:5-44
MERGED from [com.android.support:recyclerview-v7:27.1.1] AndroidManifest.xml:20:5-44
MERGED from [com.android.support:recyclerview-v7:27.1.1] AndroidManifest.xml:20:5-44
MERGED from [com.android.support:transition:27.1.1] AndroidManifest.xml:20:5-44
MERGED from [com.android.support:transition:27.1.1] AndroidManifest.xml:20:5-44
MERGED from [com.tencent.tinker:tinker-android-loader:1.9.9] AndroidManifest.xml:5:5-7:41
MERGED from [com.tencent.tinker:tinker-android-loader:1.9.9] AndroidManifest.xml:5:5-7:41
MERGED from [com.android.support:support-media-compat:27.1.1] AndroidManifest.xml:20:5-44
MERGED from [com.android.support:support-media-compat:27.1.1] AndroidManifest.xml:20:5-44
MERGED from [com.android.support:support-fragment:27.1.1] AndroidManifest.xml:20:5-44
MERGED from [com.android.support:support-fragment:27.1.1] AndroidManifest.xml:20:5-44
MERGED from [com.android.support:animated-vector-drawable:27.1.1] AndroidManifest.xml:20:5-44
MERGED from [com.android.support:animated-vector-drawable:27.1.1] AndroidManifest.xml:20:5-44
MERGED from [com.android.support:support-core-ui:27.1.1] AndroidManifest.xml:20:5-44
MERGED from [com.android.support:support-core-ui:27.1.1] AndroidManifest.xml:20:5-44
MERGED from [com.android.support:support-core-utils:27.1.1] AndroidManifest.xml:20:5-44
MERGED from [com.android.support:support-core-utils:27.1.1] AndroidManifest.xml:20:5-44
MERGED from [com.android.support:support-vector-drawable:27.1.1] AndroidManifest.xml:20:5-44
MERGED from [com.android.support:support-vector-drawable:27.1.1] AndroidManifest.xml:20:5-44
MERGED from [com.android.support:support-compat:27.1.1] AndroidManifest.xml:20:5-44
MERGED from [com.android.support:support-compat:27.1.1] AndroidManifest.xml:20:5-44
MERGED from [android.arch.lifecycle:runtime:1.1.0] AndroidManifest.xml:20:5-44
MERGED from [android.arch.lifecycle:runtime:1.1.0] AndroidManifest.xml:20:5-44
MERGED from [android.arch.lifecycle:livedata-core:1.1.0] AndroidManifest.xml:20:5-44
MERGED from [android.arch.lifecycle:livedata-core:1.1.0] AndroidManifest.xml:20:5-44
MERGED from [android.arch.lifecycle:viewmodel:1.1.0] AndroidManifest.xml:20:5-44
MERGED from [android.arch.lifecycle:viewmodel:1.1.0] AndroidManifest.xml:20:5-44
MERGED from [android.arch.core:runtime:1.1.0] AndroidManifest.xml:20:5-44
MERGED from [android.arch.core:runtime:1.1.0] AndroidManifest.xml:20:5-44
INJECTED from src/main/AndroidManifest.xml
INJECTED from src/main/AndroidManifest.xml
	android:targetSdkVersion
		INJECTED from src/main/AndroidManifest.xml
		ADDED from src/main/AndroidManifest.xml
		INJECTED from src/main/AndroidManifest.xml
	android:minSdkVersion
		INJECTED from src/main/AndroidManifest.xml
		ADDED from src/main/AndroidManifest.xml
		INJECTED from src/main/AndroidManifest.xml
meta-data#android.support.FILE_PROVIDER_PATHS
ADDED from src/main/AndroidManifest.xml:36:13-38:57
	android:resource
		ADDED from src/main/AndroidManifest.xml:38:17-55
	android:name
		ADDED from src/main/AndroidManifest.xml:37:17-67
uses-permission#android.permission.REQUEST_INSTALL_PACKAGES
ADDED from [com.tencent.bugly:crashreport_upgrade:1.3.6] AndroidManifest.xml:17:5-83
	android:name
		ADDED from [com.tencent.bugly:crashreport_upgrade:1.3.6] AndroidManifest.xml:17:22-80
provider#com.tencent.bugly.beta.utils.BuglyFileProvider
ADDED from [com.tencent.bugly:crashreport_upgrade:1.3.6] AndroidManifest.xml:29:9-39:20
	android:grantUriPermissions
		ADDED from [com.tencent.bugly:crashreport_upgrade:1.3.6] AndroidManifest.xml:33:13-47
	android:authorities
		ADDED from [com.tencent.bugly:crashreport_upgrade:1.3.6] AndroidManifest.xml:31:13-64
	android:exported
		ADDED from [com.tencent.bugly:crashreport_upgrade:1.3.6] AndroidManifest.xml:32:13-37
	tools:replace
		ADDED from [com.tencent.bugly:crashreport_upgrade:1.3.6] AndroidManifest.xml:34:13-74
	android:name
		ADDED from [com.tencent.bugly:crashreport_upgrade:1.3.6] AndroidManifest.xml:30:13-74
service#com.tencent.bugly.beta.tinker.TinkerResultService
ADDED from [com.tencent.bugly:crashreport_upgrade:1.3.6] AndroidManifest.xml:41:9-43:40
	android:exported
		ADDED from [com.tencent.bugly:crashreport_upgrade:1.3.6] AndroidManifest.xml:43:13-37
	android:name
		ADDED from [com.tencent.bugly:crashreport_upgrade:1.3.6] AndroidManifest.xml:42:13-77
uses-permission#android.permission.READ_EXTERNAL_STORAGE
IMPLIED from src/main/AndroidManifest.xml:2:1-43:12 reason: com.tencent.bugly.beta requested WRITE_EXTERNAL_STORAGE
service#com.tencent.tinker.lib.service.TinkerPatchService$IntentServiceRunner
ADDED from [com.tencent.tinker:tinker-android-lib:1.9.9] AndroidManifest.xml:19:9-22:40
	android:process
		ADDED from [com.tencent.tinker:tinker-android-lib:1.9.9] AndroidManifest.xml:22:13-37
	android:exported
		ADDED from [com.tencent.tinker:tinker-android-lib:1.9.9] AndroidManifest.xml:21:13-37
	android:name
		ADDED from [com.tencent.tinker:tinker-android-lib:1.9.9] AndroidManifest.xml:20:13-97
service#com.tencent.tinker.lib.service.TinkerPatchService$IntentServiceRunner$InnerService
ADDED from [com.tencent.tinker:tinker-android-lib:1.9.9] AndroidManifest.xml:23:9-26:40
	android:process
		ADDED from [com.tencent.tinker:tinker-android-lib:1.9.9] AndroidManifest.xml:26:13-37
	android:exported
		ADDED from [com.tencent.tinker:tinker-android-lib:1.9.9] AndroidManifest.xml:25:13-37
	android:name
		ADDED from [com.tencent.tinker:tinker-android-lib:1.9.9] AndroidManifest.xml:24:13-110
service#com.tencent.tinker.lib.service.TinkerPatchService$JobServiceRunner
ADDED from [com.tencent.tinker:tinker-android-lib:1.9.9] AndroidManifest.xml:27:9-31:40
	android:process
		ADDED from [com.tencent.tinker:tinker-android-lib:1.9.9] AndroidManifest.xml:31:13-37
	android:exported
		ADDED from [com.tencent.tinker:tinker-android-lib:1.9.9] AndroidManifest.xml:29:13-37
	android:permission
		ADDED from [com.tencent.tinker:tinker-android-lib:1.9.9] AndroidManifest.xml:30:13-69
	android:name
		ADDED from [com.tencent.tinker:tinker-android-lib:1.9.9] AndroidManifest.xml:28:13-94
service#com.tencent.tinker.lib.service.DefaultTinkerResultService
ADDED from [com.tencent.tinker:tinker-android-lib:1.9.9] AndroidManifest.xml:34:9-36:40
	android:exported
		ADDED from [com.tencent.tinker:tinker-android-lib:1.9.9] AndroidManifest.xml:36:13-37
	android:name
		ADDED from [com.tencent.tinker:tinker-android-lib:1.9.9] AndroidManifest.xml:35:13-85
activity#com.tencent.tinker.loader.hotplug.ActivityStubs$STDStub_00
ADDED from [com.tencent.tinker:tinker-android-loader:1.9.9] AndroidManifest.xml:10:9-95
	android:name
		ADDED from [com.tencent.tinker:tinker-android-loader:1.9.9] AndroidManifest.xml:10:19-92
activity#com.tencent.tinker.loader.hotplug.ActivityStubs$STDStub_01
ADDED from [com.tencent.tinker:tinker-android-loader:1.9.9] AndroidManifest.xml:11:9-95
	android:name
		ADDED from [com.tencent.tinker:tinker-android-loader:1.9.9] AndroidManifest.xml:11:19-92
activity#com.tencent.tinker.loader.hotplug.ActivityStubs$STDStub_02
ADDED from [com.tencent.tinker:tinker-android-loader:1.9.9] AndroidManifest.xml:12:9-95
	android:name
		ADDED from [com.tencent.tinker:tinker-android-loader:1.9.9] AndroidManifest.xml:12:19-92
activity#com.tencent.tinker.loader.hotplug.ActivityStubs$STDStub_03
ADDED from [com.tencent.tinker:tinker-android-loader:1.9.9] AndroidManifest.xml:13:9-95
	android:name
		ADDED from [com.tencent.tinker:tinker-android-loader:1.9.9] AndroidManifest.xml:13:19-92
activity#com.tencent.tinker.loader.hotplug.ActivityStubs$STDStub_04
ADDED from [com.tencent.tinker:tinker-android-loader:1.9.9] AndroidManifest.xml:14:9-95
	android:name
		ADDED from [com.tencent.tinker:tinker-android-loader:1.9.9] AndroidManifest.xml:14:19-92
activity#com.tencent.tinker.loader.hotplug.ActivityStubs$STDStub_05
ADDED from [com.tencent.tinker:tinker-android-loader:1.9.9] AndroidManifest.xml:15:9-95
	android:name
		ADDED from [com.tencent.tinker:tinker-android-loader:1.9.9] AndroidManifest.xml:15:19-92
activity#com.tencent.tinker.loader.hotplug.ActivityStubs$STDStub_06
ADDED from [com.tencent.tinker:tinker-android-loader:1.9.9] AndroidManifest.xml:16:9-95
	android:name
		ADDED from [com.tencent.tinker:tinker-android-loader:1.9.9] AndroidManifest.xml:16:19-92
activity#com.tencent.tinker.loader.hotplug.ActivityStubs$STDStub_07
ADDED from [com.tencent.tinker:tinker-android-loader:1.9.9] AndroidManifest.xml:17:9-95
	android:name
		ADDED from [com.tencent.tinker:tinker-android-loader:1.9.9] AndroidManifest.xml:17:19-92
activity#com.tencent.tinker.loader.hotplug.ActivityStubs$STDStub_08
ADDED from [com.tencent.tinker:tinker-android-loader:1.9.9] AndroidManifest.xml:18:9-95
	android:name
		ADDED from [com.tencent.tinker:tinker-android-loader:1.9.9] AndroidManifest.xml:18:19-92
activity#com.tencent.tinker.loader.hotplug.ActivityStubs$STDStub_09
ADDED from [com.tencent.tinker:tinker-android-loader:1.9.9] AndroidManifest.xml:19:9-95
	android:name
		ADDED from [com.tencent.tinker:tinker-android-loader:1.9.9] AndroidManifest.xml:19:19-92
activity#com.tencent.tinker.loader.hotplug.ActivityStubs$STDStub_00_T
ADDED from [com.tencent.tinker:tinker-android-loader:1.9.9] AndroidManifest.xml:20:9-22:64
	android:theme
		ADDED from [com.tencent.tinker:tinker-android-loader:1.9.9] AndroidManifest.xml:22:13-61
	android:name
		ADDED from [com.tencent.tinker:tinker-android-loader:1.9.9] AndroidManifest.xml:21:13-88
activity#com.tencent.tinker.loader.hotplug.ActivityStubs$STDStub_01_T
ADDED from [com.tencent.tinker:tinker-android-loader:1.9.9] AndroidManifest.xml:23:9-25:64
	android:theme
		ADDED from [com.tencent.tinker:tinker-android-loader:1.9.9] AndroidManifest.xml:25:13-61
	android:name
		ADDED from [com.tencent.tinker:tinker-android-loader:1.9.9] AndroidManifest.xml:24:13-88
activity#com.tencent.tinker.loader.hotplug.ActivityStubs$STDStub_02_T
ADDED from [com.tencent.tinker:tinker-android-loader:1.9.9] AndroidManifest.xml:26:9-28:64
	android:theme
		ADDED from [com.tencent.tinker:tinker-android-loader:1.9.9] AndroidManifest.xml:28:13-61
	android:name
		ADDED from [com.tencent.tinker:tinker-android-loader:1.9.9] AndroidManifest.xml:27:13-88
activity#com.tencent.tinker.loader.hotplug.ActivityStubs$SGTStub_00
ADDED from [com.tencent.tinker:tinker-android-loader:1.9.9] AndroidManifest.xml:29:9-31:46
	android:launchMode
		ADDED from [com.tencent.tinker:tinker-android-loader:1.9.9] AndroidManifest.xml:31:13-43
	android:name
		ADDED from [com.tencent.tinker:tinker-android-loader:1.9.9] AndroidManifest.xml:30:13-86
activity#com.tencent.tinker.loader.hotplug.ActivityStubs$SGTStub_01
ADDED from [com.tencent.tinker:tinker-android-loader:1.9.9] AndroidManifest.xml:32:9-34:46
	android:launchMode
		ADDED from [com.tencent.tinker:tinker-android-loader:1.9.9] AndroidManifest.xml:34:13-43
	android:name
		ADDED from [com.tencent.tinker:tinker-android-loader:1.9.9] AndroidManifest.xml:33:13-86
activity#com.tencent.tinker.loader.hotplug.ActivityStubs$SGTStub_02
ADDED from [com.tencent.tinker:tinker-android-loader:1.9.9] AndroidManifest.xml:35:9-37:46
	android:launchMode
		ADDED from [com.tencent.tinker:tinker-android-loader:1.9.9] AndroidManifest.xml:37:13-43
	android:name
		ADDED from [com.tencent.tinker:tinker-android-loader:1.9.9] AndroidManifest.xml:36:13-86
activity#com.tencent.tinker.loader.hotplug.ActivityStubs$SGTStub_03
ADDED from [com.tencent.tinker:tinker-android-loader:1.9.9] AndroidManifest.xml:38:9-40:46
	android:launchMode
		ADDED from [com.tencent.tinker:tinker-android-loader:1.9.9] AndroidManifest.xml:40:13-43
	android:name
		ADDED from [com.tencent.tinker:tinker-android-loader:1.9.9] AndroidManifest.xml:39:13-86
activity#com.tencent.tinker.loader.hotplug.ActivityStubs$SGTStub_04
ADDED from [com.tencent.tinker:tinker-android-loader:1.9.9] AndroidManifest.xml:41:9-43:46
	android:launchMode
		ADDED from [com.tencent.tinker:tinker-android-loader:1.9.9] AndroidManifest.xml:43:13-43
	android:name
		ADDED from [com.tencent.tinker:tinker-android-loader:1.9.9] AndroidManifest.xml:42:13-86
activity#com.tencent.tinker.loader.hotplug.ActivityStubs$SGTStub_05
ADDED from [com.tencent.tinker:tinker-android-loader:1.9.9] AndroidManifest.xml:44:9-46:46
	android:launchMode
		ADDED from [com.tencent.tinker:tinker-android-loader:1.9.9] AndroidManifest.xml:46:13-43
	android:name
		ADDED from [com.tencent.tinker:tinker-android-loader:1.9.9] AndroidManifest.xml:45:13-86
activity#com.tencent.tinker.loader.hotplug.ActivityStubs$SGTStub_06
ADDED from [com.tencent.tinker:tinker-android-loader:1.9.9] AndroidManifest.xml:47:9-49:46
	android:launchMode
		ADDED from [com.tencent.tinker:tinker-android-loader:1.9.9] AndroidManifest.xml:49:13-43
	android:name
		ADDED from [com.tencent.tinker:tinker-android-loader:1.9.9] AndroidManifest.xml:48:13-86
activity#com.tencent.tinker.loader.hotplug.ActivityStubs$SGTStub_07
ADDED from [com.tencent.tinker:tinker-android-loader:1.9.9] AndroidManifest.xml:50:9-52:46
	android:launchMode
		ADDED from [com.tencent.tinker:tinker-android-loader:1.9.9] AndroidManifest.xml:52:13-43
	android:name
		ADDED from [com.tencent.tinker:tinker-android-loader:1.9.9] AndroidManifest.xml:51:13-86
activity#com.tencent.tinker.loader.hotplug.ActivityStubs$SGTStub_08
ADDED from [com.tencent.tinker:tinker-android-loader:1.9.9] AndroidManifest.xml:53:9-55:46
	android:launchMode
		ADDED from [com.tencent.tinker:tinker-android-loader:1.9.9] AndroidManifest.xml:55:13-43
	android:name
		ADDED from [com.tencent.tinker:tinker-android-loader:1.9.9] AndroidManifest.xml:54:13-86
activity#com.tencent.tinker.loader.hotplug.ActivityStubs$SGTStub_09
ADDED from [com.tencent.tinker:tinker-android-loader:1.9.9] AndroidManifest.xml:56:9-58:46
	android:launchMode
		ADDED from [com.tencent.tinker:tinker-android-loader:1.9.9] AndroidManifest.xml:58:13-43
	android:name
		ADDED from [com.tencent.tinker:tinker-android-loader:1.9.9] AndroidManifest.xml:57:13-86
activity#com.tencent.tinker.loader.hotplug.ActivityStubs$SGTStub_00_T
ADDED from [com.tencent.tinker:tinker-android-loader:1.9.9] AndroidManifest.xml:59:9-62:64
	android:launchMode
		ADDED from [com.tencent.tinker:tinker-android-loader:1.9.9] AndroidManifest.xml:61:13-43
	android:theme
		ADDED from [com.tencent.tinker:tinker-android-loader:1.9.9] AndroidManifest.xml:62:13-61
	android:name
		ADDED from [com.tencent.tinker:tinker-android-loader:1.9.9] AndroidManifest.xml:60:13-88
activity#com.tencent.tinker.loader.hotplug.ActivityStubs$SGTStub_01_T
ADDED from [com.tencent.tinker:tinker-android-loader:1.9.9] AndroidManifest.xml:63:9-66:64
	android:launchMode
		ADDED from [com.tencent.tinker:tinker-android-loader:1.9.9] AndroidManifest.xml:65:13-43
	android:theme
		ADDED from [com.tencent.tinker:tinker-android-loader:1.9.9] AndroidManifest.xml:66:13-61
	android:name
		ADDED from [com.tencent.tinker:tinker-android-loader:1.9.9] AndroidManifest.xml:64:13-88
activity#com.tencent.tinker.loader.hotplug.ActivityStubs$SGTStub_02_T
ADDED from [com.tencent.tinker:tinker-android-loader:1.9.9] AndroidManifest.xml:67:9-70:64
	android:launchMode
		ADDED from [com.tencent.tinker:tinker-android-loader:1.9.9] AndroidManifest.xml:69:13-43
	android:theme
		ADDED from [com.tencent.tinker:tinker-android-loader:1.9.9] AndroidManifest.xml:70:13-61
	android:name
		ADDED from [com.tencent.tinker:tinker-android-loader:1.9.9] AndroidManifest.xml:68:13-88
activity#com.tencent.tinker.loader.hotplug.ActivityStubs$SGTKStub_00
ADDED from [com.tencent.tinker:tinker-android-loader:1.9.9] AndroidManifest.xml:71:9-73:47
	android:launchMode
		ADDED from [com.tencent.tinker:tinker-android-loader:1.9.9] AndroidManifest.xml:73:13-44
	android:name
		ADDED from [com.tencent.tinker:tinker-android-loader:1.9.9] AndroidManifest.xml:72:13-87
activity#com.tencent.tinker.loader.hotplug.ActivityStubs$SGTKStub_01
ADDED from [com.tencent.tinker:tinker-android-loader:1.9.9] AndroidManifest.xml:74:9-76:47
	android:launchMode
		ADDED from [com.tencent.tinker:tinker-android-loader:1.9.9] AndroidManifest.xml:76:13-44
	android:name
		ADDED from [com.tencent.tinker:tinker-android-loader:1.9.9] AndroidManifest.xml:75:13-87
activity#com.tencent.tinker.loader.hotplug.ActivityStubs$SGTKStub_02
ADDED from [com.tencent.tinker:tinker-android-loader:1.9.9] AndroidManifest.xml:77:9-79:47
	android:launchMode
		ADDED from [com.tencent.tinker:tinker-android-loader:1.9.9] AndroidManifest.xml:79:13-44
	android:name
		ADDED from [com.tencent.tinker:tinker-android-loader:1.9.9] AndroidManifest.xml:78:13-87
activity#com.tencent.tinker.loader.hotplug.ActivityStubs$SGTKStub_03
ADDED from [com.tencent.tinker:tinker-android-loader:1.9.9] AndroidManifest.xml:80:9-82:47
	android:launchMode
		ADDED from [com.tencent.tinker:tinker-android-loader:1.9.9] AndroidManifest.xml:82:13-44
	android:name
		ADDED from [com.tencent.tinker:tinker-android-loader:1.9.9] AndroidManifest.xml:81:13-87
activity#com.tencent.tinker.loader.hotplug.ActivityStubs$SGTKStub_04
ADDED from [com.tencent.tinker:tinker-android-loader:1.9.9] AndroidManifest.xml:83:9-85:47
	android:launchMode
		ADDED from [com.tencent.tinker:tinker-android-loader:1.9.9] AndroidManifest.xml:85:13-44
	android:name
		ADDED from [com.tencent.tinker:tinker-android-loader:1.9.9] AndroidManifest.xml:84:13-87
activity#com.tencent.tinker.loader.hotplug.ActivityStubs$SGTKStub_05
ADDED from [com.tencent.tinker:tinker-android-loader:1.9.9] AndroidManifest.xml:86:9-88:47
	android:launchMode
		ADDED from [com.tencent.tinker:tinker-android-loader:1.9.9] AndroidManifest.xml:88:13-44
	android:name
		ADDED from [com.tencent.tinker:tinker-android-loader:1.9.9] AndroidManifest.xml:87:13-87
activity#com.tencent.tinker.loader.hotplug.ActivityStubs$SGTKStub_06
ADDED from [com.tencent.tinker:tinker-android-loader:1.9.9] AndroidManifest.xml:89:9-91:47
	android:launchMode
		ADDED from [com.tencent.tinker:tinker-android-loader:1.9.9] AndroidManifest.xml:91:13-44
	android:name
		ADDED from [com.tencent.tinker:tinker-android-loader:1.9.9] AndroidManifest.xml:90:13-87
activity#com.tencent.tinker.loader.hotplug.ActivityStubs$SGTKStub_07
ADDED from [com.tencent.tinker:tinker-android-loader:1.9.9] AndroidManifest.xml:92:9-94:47
	android:launchMode
		ADDED from [com.tencent.tinker:tinker-android-loader:1.9.9] AndroidManifest.xml:94:13-44
	android:name
		ADDED from [com.tencent.tinker:tinker-android-loader:1.9.9] AndroidManifest.xml:93:13-87
activity#com.tencent.tinker.loader.hotplug.ActivityStubs$SGTKStub_08
ADDED from [com.tencent.tinker:tinker-android-loader:1.9.9] AndroidManifest.xml:95:9-97:47
	android:launchMode
		ADDED from [com.tencent.tinker:tinker-android-loader:1.9.9] AndroidManifest.xml:97:13-44
	android:name
		ADDED from [com.tencent.tinker:tinker-android-loader:1.9.9] AndroidManifest.xml:96:13-87
activity#com.tencent.tinker.loader.hotplug.ActivityStubs$SGTKStub_09
ADDED from [com.tencent.tinker:tinker-android-loader:1.9.9] AndroidManifest.xml:98:9-100:47
	android:launchMode
		ADDED from [com.tencent.tinker:tinker-android-loader:1.9.9] AndroidManifest.xml:100:13-44
	android:name
		ADDED from [com.tencent.tinker:tinker-android-loader:1.9.9] AndroidManifest.xml:99:13-87
activity#com.tencent.tinker.loader.hotplug.ActivityStubs$SGTKStub_00_T
ADDED from [com.tencent.tinker:tinker-android-loader:1.9.9] AndroidManifest.xml:101:9-104:64
	android:launchMode
		ADDED from [com.tencent.tinker:tinker-android-loader:1.9.9] AndroidManifest.xml:103:13-44
	android:theme
		ADDED from [com.tencent.tinker:tinker-android-loader:1.9.9] AndroidManifest.xml:104:13-61
	android:name
		ADDED from [com.tencent.tinker:tinker-android-loader:1.9.9] AndroidManifest.xml:102:13-89
activity#com.tencent.tinker.loader.hotplug.ActivityStubs$SGTKStub_01_T
ADDED from [com.tencent.tinker:tinker-android-loader:1.9.9] AndroidManifest.xml:105:9-108:64
	android:launchMode
		ADDED from [com.tencent.tinker:tinker-android-loader:1.9.9] AndroidManifest.xml:107:13-44
	android:theme
		ADDED from [com.tencent.tinker:tinker-android-loader:1.9.9] AndroidManifest.xml:108:13-61
	android:name
		ADDED from [com.tencent.tinker:tinker-android-loader:1.9.9] AndroidManifest.xml:106:13-89
activity#com.tencent.tinker.loader.hotplug.ActivityStubs$SGTKStub_02_T
ADDED from [com.tencent.tinker:tinker-android-loader:1.9.9] AndroidManifest.xml:109:9-112:64
	android:launchMode
		ADDED from [com.tencent.tinker:tinker-android-loader:1.9.9] AndroidManifest.xml:111:13-44
	android:theme
		ADDED from [com.tencent.tinker:tinker-android-loader:1.9.9] AndroidManifest.xml:112:13-61
	android:name
		ADDED from [com.tencent.tinker:tinker-android-loader:1.9.9] AndroidManifest.xml:110:13-89